{
  "RSpec": {
    "coverage": {
      "/home/bixou/Rails/Alice/app/helpers/application_helper.rb": [
        1,
        1,
        0,
        0,
        null,
        null
      ],
      "/home/bixou/Rails/Alice/app/helpers/institutions_helper.rb": [
        1,
        null
      ],
      "/home/bixou/Rails/Alice/app/models/institution.rb": [
        1,
        1,
        1,
        4,
        null,
        null,
        1,
        1,
        4,
        1,
        3,
        1,
        2,
        1,
        null,
        1,
        null,
        null,
        null,
        1,
        0,
        null,
        null,
        null,
        null
      ],
      "/home/bixou/Rails/Alice/app/models/application_record.rb": [
        1,
        1,
        null
      ]
    },
    "timestamp": 1588454344
  }
}
